<?xml version="1.0" encoding="UTF-8"?>
<!-- Generated by org.testng.reporters.JUnitReportReporter -->
<testsuite hostname="DESKTOP-OKRRNLE" failures="0" tests="1" name="TestCases.CheckPickFlightDate" time="0.100" errors="0" timestamp="22 Feb 2024 11:47:40 GMT" skipped="0">
  <testcase classname="TestCases.CheckPickFlightDate" name="CheckPickDate" time="0.100"/>
</testsuite> <!-- TestCases.CheckPickFlightDate -->
