<?xml version="1.0" encoding="UTF-8"?>
<!-- Generated by org.testng.reporters.JUnitReportReporter -->
<testsuite hostname="DESKTOP-OKRRNLE" failures="0" tests="1" name="TestCases.PickFlightDateTestCase" time="0.006" errors="0" timestamp="22 Feb 2024 11:34:28 GMT" skipped="0">
  <testcase classname="TestCases.PickFlightDateTestCase" name="checkPickFlightDate" time="0.006"/>
</testsuite> <!-- TestCases.PickFlightDateTestCase -->
