<?xml version="1.0" encoding="UTF-8"?>
<!-- Generated by org.testng.reporters.JUnitReportReporter -->
<testsuite hostname="DESKTOP-OKRRNLE" failures="0" tests="6" name="TestCases.CheckSearchFlightResultsList" time="13.271" errors="0" timestamp="2024-02-24T12:43:20 IST" skipped="0">
  <testcase classname="TestCases.CheckSearchFlightResultsList" name="checkflightsRoute" time="0.223"/>
  <testcase classname="TestCases.CheckSearchFlightResultsList" name="selectFlight" time="4.246"/>
  <testcase classname="TestCases.CheckSearchFlightResultsList" name="selectFlightClass" time="2.203"/>
  <testcase classname="TestCases.CheckSearchFlightResultsList" name="enterName" time="2.126"/>
  <testcase classname="TestCases.CheckSearchFlightResultsList" name="numberOfTickets" time="2.170"/>
  <testcase classname="TestCases.CheckSearchFlightResultsList" name="clickInsertOrder" time="2.303"/>
</testsuite> <!-- TestCases.CheckSearchFlightResultsList -->
