<?xml version="1.0" encoding="UTF-8"?>
<!-- Generated by org.testng.reporters.JUnitReportReporter -->
<testsuite hostname="DESKTOP-OKRRNLE" failures="0" tests="4" name="TestCases.CheckPreviousBookingOrders" time="11.167" errors="0" timestamp="2024-02-24T12:00:46 IST" skipped="0">
  <testcase classname="TestCases.CheckPreviousBookingOrders" name="isOrdersModuleMessageDisplayed" time="0.501"/>
  <testcase classname="TestCases.CheckPreviousBookingOrders" name="getOrderList" time="0.204"/>
  <testcase classname="TestCases.CheckPreviousBookingOrders" name="deleteUnwantedOrder" time="4.929"/>
  <testcase classname="TestCases.CheckPreviousBookingOrders" name="viewOrderIdDetails" time="5.533"/>
</testsuite> <!-- TestCases.CheckPreviousBookingOrders -->
