<?xml version="1.0" encoding="UTF-8"?>
<!-- Generated by org.testng.reporters.JUnitReportReporter -->
<testsuite hostname="DESKTOP-OKRRNLE" failures="0" tests="4" name="TestCases.CheckPreviousBookingOrders" time="11.441" errors="0" timestamp="2024-02-24T12:43:20 IST" skipped="0">
  <testcase classname="TestCases.CheckPreviousBookingOrders" name="isOrdersModuleMessageDisplayed" time="0.529"/>
  <testcase classname="TestCases.CheckPreviousBookingOrders" name="getOrderList" time="0.204"/>
  <testcase classname="TestCases.CheckPreviousBookingOrders" name="deleteUnwantedOrder" time="5.058"/>
  <testcase classname="TestCases.CheckPreviousBookingOrders" name="viewOrderIdDetails" time="5.650"/>
</testsuite> <!-- TestCases.CheckPreviousBookingOrders -->
