<?xml version="1.0" encoding="UTF-8"?>
<!-- Generated by org.testng.reporters.JUnitReportReporter -->
<testsuite hostname="DESKTOP-OKRRNLE" failures="0" tests="1" name="TestCases.CheckPickFlightDate" time="2.082" errors="0" timestamp="2024-02-24T12:00:46 IST" skipped="0">
  <testcase classname="TestCases.CheckPickFlightDate" name="CheckPickDate" time="2.082"/>
</testsuite> <!-- TestCases.CheckPickFlightDate -->
